
=== Thu Dec 20 15:11:44 2018

Packages were changed.
Update Mode: updateDependencies

The following packages were added:
  com.unity.collab-proxy@1.2.15
The following packages were updated:
  com.unity.ads from version 2.0.8 to 2.3.1
  com.unity.analytics from version 2.0.16 to 3.2.2
  com.unity.package-manager-ui from version 1.9.11 to 2.0.3
  com.unity.textmeshpro from version 1.2.4 to 1.3.0

=== Sun Apr 28 12:50:30 2019

Packages were changed.
Update Mode: updateDependencies

The following packages were updated:
  com.unity.package-manager-ui from version 2.0.3 to 2.0.7

=== Mon Dec  6 20:49:52 2021

Packages were changed.
Update Mode: updateDependencies

The following packages were added:
  com.unity.2d.sprite@1.0.0
  com.unity.2d.tilemap@1.0.0
  com.unity.ide.rider@2.0.7
  com.unity.ide.visualstudio@2.0.5
  com.unity.ide.vscode@1.2.3
  com.unity.modules.androidjni@1.0.0
  com.unity.test-framework@1.1.19
  com.unity.timeline@1.2.6
  com.unity.ugui@1.0.0
  com.unity.xr.legacyinputhelpers@2.1.6
The following packages were updated:
  com.unity.ads from version 2.3.1 to 3.5.2
  com.unity.analytics from version 3.2.2 to 3.5.3
  com.unity.collab-proxy from version 1.2.15 to 1.3.9
  com.unity.purchasing from version 2.0.3 to 2.1.1
  com.unity.textmeshpro from version 1.3.0 to 3.0.1
The following packages were removed:
  com.unity.package-manager-ui@2.0.7

=== Sun Feb  4 12:19:34 2024

Packages were changed.
Update Mode: updateDependencies

The following packages were added:
  com.unity.ai.navigation@1.1.5
The following packages were updated:
  com.unity.ads from version 3.5.2 to 4.4.2
  com.unity.analytics from version 3.5.3 to 3.8.1
  com.unity.cinemachine from version 2.6.11 to 2.9.5
  com.unity.collab-proxy from version 1.3.9 to 2.2.0
  com.unity.ide.rider from version 2.0.7 to 3.0.27
  com.unity.ide.visualstudio from version 2.0.5 to 2.0.22
  com.unity.ide.vscode from version 1.2.3 to 1.2.5
  com.unity.inputsystem from version 1.0.2 to 1.7.0
  com.unity.purchasing from version 2.1.1 to 4.9.3
  com.unity.render-pipelines.universal from version 10.2.2 to 14.0.10
  com.unity.shadergraph from version 10.2.2 to 14.0.10
  com.unity.test-framework from version 1.1.19 to 1.1.33
  com.unity.textmeshpro from version 3.0.1 to 3.0.6
  com.unity.timeline from version 1.2.6 to 1.7.6
  com.unity.xr.legacyinputhelpers from version 2.1.6 to 2.1.10
